-------------------------------------------------------------------------------
Test set: com.fleetapps.runers.CukesRunner
-------------------------------------------------------------------------------
Tests run: 1, Failures: 1, Errors: 0, Skipped: 0, Time elapsed: 13.823 s <<< FAILURE! - in com.fleetapps.runers.CukesRunner
login as sales manager(user should able to login)  Time elapsed: 13.433 s  <<< FAILURE!
org.junit.ComparisonFailure: expected:<Dashboard[f]> but was:<Dashboard[]>

