-------------------------------------------------------------------------------
Test set: Contacts Page
-------------------------------------------------------------------------------
Tests run: 1, Failures: 1, Errors: 0, Skipped: 0, Time elapsed: 17.866 s <<< FAILURE! - in Contacts Page
login as a given user(Contacts Page)  Time elapsed: 17.866 s  <<< FAILURE!
org.junit.ComparisonFailure: expected:<John[d] Doe> but was:<John[] Doe>

