<?xml version="1.0" encoding="UTF-8"?>
<testsuite xmlns:xsi="http://www.w3.org/2001/XMLSchema-instance" xsi:noNamespaceSchemaLocation="https://maven.apache.org/surefire/maven-surefire-plugin/xsd/surefire-test-report.xsd" name="user should able to login" time="38.408" tests="3" errors="0" skipped="0" failures="3">
  <properties>
[...]
</properties>
  <testcase name="login as a driver" classname="user should able to login" time="14.966">
    <failure message="expected:&lt;[Dashboard]&gt; but was:&lt;[Loading...]&gt;" type="org.junit.ComparisonFailure"><![CDATA[org.junit.ComparisonFailure: expected:<[Dashboard]> but was:<[Loading...]>
]]></failure>
    <system-out><![CDATA[May 02, 2020 7:22:18 PM io.cucumber.core.options.CucumberPropertiesParser parse
WARNING: Passing commandline options via the property `cucumber.options` has been deprecatedin favour of explicitly using property names.
Please use these instead: [cucumber.ansi-colors.disabled, cucumber.execution.dry-run, cucumber.execution.limit, cucumber.execution.order, cucumber.execution.strict, cucumber.execution.wip, cucumber.features, cucumber.filter.name, cucumber.filter.tags, cucumber.glue, cucumber.object-factory, cucumber.plugin, cucumber.snippet-type]
May 02, 2020 7:22:18 PM io.cucumber.junit.Cucumber <init>
WARNING: By default Cucumber is running in --non-strict mode.
This default will change to --strict and --non-strict will be removed.
You can use --strict or @CucumberOptions(strict = true) to suppress this warning

&amp#27;[31mFailed scenarios:&amp#27;[0m
&amp#27;[31mfile:///Users/hakim/Desktop/inteliji/Summer-2019-EU-cucumber-selenium/src/test/resources/features/login.feature:5&amp#27;[0m# login as a driver
&amp#27;[31mfile:///Users/hakim/Desktop/inteliji/Summer-2019-EU-cucumber-selenium/src/test/resources/features/Contacts.feature:16&amp#27;[0m# login as a given user
&amp#27;[31mfile:///Users/hakim/Desktop/inteliji/Summer-2019-EU-cucumber-selenium/src/test/resources/features/AccountTyps.feature:11&amp#27;[0m# salas manager login
&amp#27;[31mfile:///Users/hakim/Desktop/inteliji/Summer-2019-EU-cucumber-selenium/src/test/resources/features/login.feature:13&amp#27;[0m# login as sales manager
&amp#27;[31mfile:///Users/hakim/Desktop/inteliji/Summer-2019-EU-cucumber-selenium/src/test/resources/features/login.feature:19&amp#27;[0m# login as store manager
&amp#27;[31mfile:///Users/hakim/Desktop/inteliji/Summer-2019-EU-cucumber-selenium/src/test/resources/features/AccountTyps.feature:19&amp#27;[0m# store manager login

6 Scenarios (&amp#27;[31m6 failed&amp#27;[0m)
18 Steps (&amp#27;[31m6 failed&amp#27;[0m, &amp#27;[36m1 skipped&amp#27;[0m, &amp#27;[32m11 passed&amp#27;[0m)
0m54.700s


org.junit.ComparisonFailure: expected:<[Dashboard]> but was:<[Loading...]>
	at org.junit.Assert.assertEquals(Assert.java:117)
	at org.junit.Assert.assertEquals(Assert.java:146)
	at com.fleetapps.step_definitions.Step_definitions.the_user_able_to_login(Step_definitions.java:40)
	at ✽.the user able to login(file:///Users/hakim/Desktop/inteliji/Summer-2019-EU-cucumber-selenium/src/test/resources/features/login.feature:8)

org.junit.ComparisonFailure: expected:<John[d] Doe> but was:<John[] Doe>
	at org.junit.Assert.assertEquals(Assert.java:117)
	at org.junit.Assert.assertEquals(Assert.java:146)
	at com.fleetapps.step_definitions.ContactsStepDefs.the_user_login_using_following_credentials(ContactsStepDefs.java:45)
	at ✽.the  user login using following credentials(file:///Users/hakim/Desktop/inteliji/Summer-2019-EU-cucumber-selenium/src/test/resources/features/Contacts.feature:17)

org.junit.ComparisonFailure: expected:<A[ll A]ccounts> but was:<A[]ccounts>
	at org.junit.Assert.assertEquals(Assert.java:117)
	at org.junit.Assert.assertEquals(Assert.java:146)
	at com.fleetapps.step_definitions.Step_definitions.the_title_contains(Step_definitions.java:90)
	at ✽.the title contains "All Accounts"(file:///Users/hakim/Desktop/inteliji/Summer-2019-EU-cucumber-selenium/src/test/resources/features/AccountTyps.feature:14)

org.junit.ComparisonFailure: expected:<[Dashboard]> but was:<[Loading...]>
	at org.junit.Assert.assertEquals(Assert.java:117)
	at org.junit.Assert.assertEquals(Assert.java:146)
	at com.fleetapps.step_definitions.Step_definitions.the_user_able_to_login(Step_definitions.java:40)
	at ✽.the user able to login(file:///Users/hakim/Desktop/inteliji/Summer-2019-EU-cucumber-selenium/src/test/resources/features/login.feature:16)

org.junit.ComparisonFailure: expected:<[Dashboard]> but was:<[Loading...]>
	at org.junit.Assert.assertEquals(Assert.java:117)
	at org.junit.Assert.assertEquals(Assert.java:146)
	at com.fleetapps.step_definitions.Step_definitions.the_user_able_to_login(Step_definitions.java:40)
	at ✽.the user able to login(file:///Users/hakim/Desktop/inteliji/Summer-2019-EU-cucumber-selenium/src/test/resources/features/login.feature:22)

org.junit.ComparisonFailure: expected:<[Campaigns]> but was:<[Dashboard]>
	at org.junit.Assert.assertEquals(Assert.java:117)
	at org.junit.Assert.assertEquals(Assert.java:146)
	at com.fleetapps.step_definitions.Step_definitions.the_title_contains(Step_definitions.java:90)
	at ✽.the title contains "Campaigns"(file:///Users/hakim/Desktop/inteliji/Summer-2019-EU-cucumber-selenium/src/test/resources/features/AccountTyps.feature:22)


]]></system-out>
    <system-err><![CDATA[SLF4J: Failed to load class "org.slf4j.impl.StaticLoggerBinder".
SLF4J: Defaulting to no-operation (NOP) logger implementation
SLF4J: See http://www.slf4j.org/codes.html#StaticLoggerBinder for further details.
1588440139811	mozrunner::runner	INFO	Running command: "/Applications/Firefox.app/Contents/MacOS/firefox-bin" "-marionette" "-foreground" "-no-remote" "-profile" "/var/folders/kp/p_xgsm5s3m52p96c25658txm0000gn/T/rust_mozprofileadzCSL"
1588440140495	addons.webextension.doh-rollout@mozilla.org	WARN	Loading extension 'doh-rollout@mozilla.org': Reading manifest: Invalid extension permission: networkStatus
1588440141057	addons.webextension.screenshots@mozilla.org	WARN	Loading extension 'screenshots@mozilla.org': Reading manifest: Invalid extension permission: mozillaAddons
1588440141057	addons.webextension.screenshots@mozilla.org	WARN	Loading extension 'screenshots@mozilla.org': Reading manifest: Invalid extension permission: telemetry
1588440141057	addons.webextension.screenshots@mozilla.org	WARN	Loading extension 'screenshots@mozilla.org': Reading manifest: Invalid extension permission: resource://pdf.js/
1588440141057	addons.webextension.screenshots@mozilla.org	WARN	Loading extension 'screenshots@mozilla.org': Reading manifest: Invalid extension permission: about:reader*
1588440143436	Marionette	INFO	Listening on port 53504
1588440143520	Marionette	WARN	TLS certificate errors will be ignored for this session
May 02, 2020 7:22:23 PM org.openqa.selenium.remote.ProtocolHandshake createSession
INFO: Detected dialect: W3C
1588440151243	Marionette	INFO	Stopped listening on port 53504
JavaScript error: http://app.fleetapps.io/bundles/npmassets/requirejs/require.js?version=e723d063, line 168: Error: Script error for "bootstrap-affix", needed by: bootstrap
http://requirejs.org/docs/errors.html#scripterror
JavaScript error: http://app.fleetapps.io/bundles/npmassets/requirejs/require.js?version=e723d063, line 168: Error: Script error for "bootstrap-alert", needed by: bootstrap
http://requirejs.org/docs/errors.html#scripterror
JavaScript error: http://app.fleetapps.io/bundles/npmassets/requirejs/require.js?version=e723d063, line 168: Error: Script error for "components/jquery-ui/ui/keycode", needed by: components/jquery-ui/ui/widgets/accordion, components/jquery-ui/ui/widgets/autocomplete, components/jquery-ui/ui/widgets/button, components/jquery-ui/ui/widgets/datepicker, components/jquery-ui/ui/widgets/dialog, components/jquery-ui/ui/widgets/menu, components/jquery-ui/ui/widgets/slider, components/jquery-ui/ui/widgets/spinner, components/jquery-ui/ui/widgets/tabs
http://requirejs.org/docs/errors.html#scripterror
JavaScript error: http://app.fleetapps.io/bundles/npmassets/requirejs/require.js?version=e723d063, line 168: Error: Script error for "components/jquery-ui/ui/escape-selector", needed by: components/jquery-ui/ui/widgets/tabs
http://requirejs.org/docs/errors.html#scripterror
JavaScript error: http://app.fleetapps.io/bundles/npmassets/requirejs/require.js?version=e723d063, line 168: Error: Script error for "bootstrap-carousel", needed by: bootstrap
http://requirejs.org/docs/errors.html#scripterror
JavaScript error: http://app.fleetapps.io/bundles/npmassets/requirejs/require.js?version=e723d063, line 168: Error: Script error for "bootstrap-transition", needed by: bootstrap
http://requirejs.org/docs/errors.html#scripterror
JavaScript error: http://app.fleetapps.io/bundles/npmassets/requirejs/require.js?version=e723d063, line 168: Error: Script error for "components/jquery-ui/ui/focusable", needed by: components/jquery-ui/ui/widgets/dialog
http://requirejs.org/docs/errors.html#scripterror
JavaScript error: http://app.fleetapps.io/bundles/npmassets/requirejs/require.js?version=e723d063, line 168: Error: Script error for "bootstrap-scrollspy", needed by: bootstrap
http://requirejs.org/docs/errors.html#scripterror
JavaScript error: http://app.fleetapps.io/bundles/npmassets/requirejs/require.js?version=e723d063, line 168: Error: Script error for "components/jquery-ui/ui/version", needed by: components/jquery-ui/ui/position, components/jquery-ui/ui/widget, components/jquery-ui/ui/widgets/accordion, components/jquery-ui/ui/widgets/autocomplete, components/jquery-ui/ui/widgets/datepicker, components/jquery-ui/ui/widgets/dialog, components/jquery-ui/ui/widgets/draggable, components/jquery-ui/ui/widgets/droppable, components/jquery-ui/ui/widgets/menu, components/jquery-ui/ui/widgets/mouse, components/jquery-ui/ui/widgets/progressbar, components/jquery-ui/ui/widgets/resizable, components/jquery-ui/ui/widgets/selectable, components/jquery-ui/ui/widgets/slider, components/jquery-ui/ui/widgets/sortable, components/jquery-ui/ui/widgets/spinner, components/jquery-ui/ui/widgets/tabs, components/jquery-ui/ui/effect, components/jquery-ui/ui/effects/effect-blind, components/jquery-ui/ui/effects/effect-bounce, components/jquery-ui/ui/effects/effect-clip, components/jquery-ui/ui/effects/effect-drop, components/jquery-ui/ui/effects/effect-explode, components/jquery-ui/ui/effects/effect-fade, components/jquery-ui/ui/effects/effect-fold, components/jquery-ui/ui/effects/effect-highlight, components/jquery-ui/ui/effects/effect-pulsate, components/jquery-ui/ui/effects/effect-scale, components/jquery-ui/ui/effects/effect-shake, components/jquery-ui/ui/effects/effect-size, components/jquery-ui/ui/effects/effect-slide, components/jquery-ui/ui/effects/effect-transfer
http://requirejs.org/docs/errors.html#scripterror
JavaScript error: http://app.fleetapps.io/bundles/npmassets/requirejs/require.js?version=e723d063, line 168: Error: Script error for "oroui/js/app/services/registry/registry-entry", needed by: oroui/js/app/services/registry/registry
http://requirejs.org/docs/errors.html#scripterror
JavaScript error: http://app.fleetapps.io/bundles/npmassets/requirejs/require.js?version=e723d063, line 168: Error: Script error for "components/jquery-ui/ui/safe-active-element", needed by: components/jquery-ui/ui/widgets/autocomplete, components/jquery-ui/ui/widgets/dialog, components/jquery-ui/ui/widgets/draggable, components/jquery-ui/ui/widgets/menu, components/jquery-ui/ui/widgets/spinner, components/jquery-ui/ui/widgets/tabs
http://requirejs.org/docs/errors.html#scripterror
JavaScript error: http://app.fleetapps.io/bundles/npmassets/requirejs/require.js?version=e723d063, line 168: Error: Script error for "components/jquery-ui/ui/disable-selection", needed by: components/jquery-ui/ui/widgets/resizable
http://requirejs.org/docs/errors.html#scripterror
JavaScript error: http://app.fleetapps.io/bundles/npmassets/requirejs/require.js?version=e723d063, line 168: Error: Script error for "components/jquery-ui/ui/unique-id", needed by: components/jquery-ui/ui/widgets/accordion, components/jquery-ui/ui/widgets/dialog, components/jquery-ui/ui/widgets/menu, components/jquery-ui/ui/widgets/tabs
http://requirejs.org/docs/errors.html#scripterror
JavaScript error: http://app.fleetapps.io/bundles/npmassets/requirejs/require.js?version=e723d063, line 168: Error: Script error for "bootstrap-typeahead", needed by: bootstrap
http://requirejs.org/docs/errors.html#scripterror
JavaScript error: http://app.fleetapps.io/bundles/npmassets/requirejs/require.js?version=e723d063, line 168: Error: Script error for "components/jquery-ui/ui/widgets/checkboxradio", needed by: components/jquery-ui/ui/widgets/button
http://requirejs.org/docs/errors.html#scripterror
JavaScript error: http://app.fleetapps.io/bundles/npmassets/requirejs/require.js?version=e723d063, line 168: Error: Script error for "components/jquery-ui/ui/tabbable", needed by: components/jquery-ui/ui/widgets/dialog
http://requirejs.org/docs/errors.html#scripterror
JavaScript error: http://app.fleetapps.io/bundles/npmassets/requirejs/require.js?version=e723d063, line 168: Error: Script error for "oroentity/js/app/models/entity-sync", needed by: oroentity/js/app/models/entity-collection
http://requirejs.org/docs/errors.html#scripterror
JavaScript error: http://app.fleetapps.io/bundles/npmassets/requirejs/require.js?version=e723d063, line 168: Error: Script error for "oroui/js/app/models/base/model", needed by: oroui/js/app/models/base/collection
http://requirejs.org/docs/errors.html#scripterror
JavaScript error: http://app.fleetapps.io/bundles/npmassets/requirejs/require.js?version=e723d063, line 168: Error: Script error for "bootstrap-tooltip", needed by: bootstrap
http://requirejs.org/docs/errors.html#scripterror
JavaScript error: http://app.fleetapps.io/bundles/npmassets/requirejs/require.js?version=e723d063, line 168: Error: Script error for "components/jquery-ui/ui/safe-blur", needed by: components/jquery-ui/ui/widgets/dialog, components/jquery-ui/ui/widgets/draggable
http://requirejs.org/docs/errors.html#scripterror
JavaScript error: http://app.fleetapps.io/bundles/npmassets/requirejs/require.js?version=e723d063, line 168: Error: Script error for "bootstrap-modal", needed by: bootstrap
http://requirejs.org/docs/errors.html#scripterror
JavaScript error: http://app.fleetapps.io/bundles/npmassets/requirejs/require.js?version=e723d063, line 168: Error: Script error for "bootstrap-tab", needed by: bootstrap
http://requirejs.org/docs/errors.html#scripterror
JavaScript error: http://app.fleetapps.io/bundles/npmassets/requirejs/require.js?version=e723d063, line 168: Error: Script error for "bootstrap-collapse", needed by: bootstrap
http://requirejs.org/docs/errors.html#scripterror
JavaScript error: http://app.fleetapps.io/bundles/npmassets/requirejs/require.js?version=e723d063, line 168: Error: Script error for "oroui/js/persistent-storage", needed by: oroui/js/app/models/sync-machine-proxy-cache
http://requirejs.org/docs/errors.html#scripterror
JavaScript error: http://app.fleetapps.io/bundles/npmassets/requirejs/require.js?version=e723d063, line 168: Error: Script error for "components/jquery-ui/ui/widgets/controlgroup", needed by: components/jquery-ui/ui/widgets/button
http://requirejs.org/docs/errors.html#scripterror
JavaScript error: http://app.fleetapps.io/bundles/npmassets/requirejs/require.js?version=e723d063, line 168: Error: Script error for "components/jquery-ui/ui/plugin", needed by: components/jquery-ui/ui/widgets/draggable, components/jquery-ui/ui/widgets/resizable
http://requirejs.org/docs/errors.html#scripterror
JavaScript error: http://app.fleetapps.io/bundles/npmassets/requirejs/require.js?version=e723d063, line 168: Error: Script error for "bootstrap-button", needed by: bootstrap
http://requirejs.org/docs/errors.html#scripterror
JavaScript error: http://app.fleetapps.io/bundles/npmassets/requirejs/require.js?version=e723d063, line 168: Error: Script error for "oroentity/js/app/models/entity-model", needed by: oroentity/js/app/models/entity-collection
http://requirejs.org/docs/errors.html#scripterror
JavaScript error: http://app.fleetapps.io/bundles/npmassets/requirejs/require.js?version=e723d063, line 168: Error: Script error for "components/jquery-ui/ui/ie", needed by: components/jquery-ui/ui/widgets/mouse, components/jquery-ui/ui/widgets/sortable
http://requirejs.org/docs/errors.html#scripterror
JavaScript error: http://app.fleetapps.io/bundles/npmassets/requirejs/require.js?version=e723d063, line 168: Error: Script error for "bootstrap-dropdown", needed by: bootstrap
http://requirejs.org/docs/errors.html#scripterror
JavaScript error: http://app.fleetapps.io/bundles/npmassets/requirejs/require.js?version=e723d063, line 168: Error: Script error for "components/jquery-ui/ui/scroll-parent", needed by: components/jquery-ui/ui/widgets/draggable, components/jquery-ui/ui/widgets/sortable
http://requirejs.org/docs/errors.html#scripterror
JavaScript error: http://app.fleetapps.io/bundles/npmassets/requirejs/require.js?version=e723d063, line 168: Error: Script error for "components/jquery-ui/ui/data", needed by: components/jquery-ui/ui/widgets/draggable, components/jquery-ui/ui/widgets/sortable
http://requirejs.org/docs/errors.html#scripterror
]]></system-err>
  </testcase>
  <testcase name="login as sales manager" classname="user should able to login" time="12.313">
    <failure message="expected:&lt;[Dashboard]&gt; but was:&lt;[Loading...]&gt;" type="org.junit.ComparisonFailure"><![CDATA[org.junit.ComparisonFailure: expected:<[Dashboard]> but was:<[Loading...]>
]]></failure>
    <system-err><![CDATA[1588440154153	mozrunner::runner	INFO	Running command: "/Applications/Firefox.app/Contents/MacOS/firefox-bin" "-marionette" "-foreground" "-no-remote" "-profile" "/var/folders/kp/p_xgsm5s3m52p96c25658txm0000gn/T/rust_mozprofiledWkNMK"
1588440154843	addons.webextension.doh-rollout@mozilla.org	WARN	Loading extension 'doh-rollout@mozilla.org': Reading manifest: Invalid extension permission: networkStatus
1588440155630	addons.webextension.screenshots@mozilla.org	WARN	Loading extension 'screenshots@mozilla.org': Reading manifest: Invalid extension permission: mozillaAddons
1588440155630	addons.webextension.screenshots@mozilla.org	WARN	Loading extension 'screenshots@mozilla.org': Reading manifest: Invalid extension permission: telemetry
1588440155630	addons.webextension.screenshots@mozilla.org	WARN	Loading extension 'screenshots@mozilla.org': Reading manifest: Invalid extension permission: resource://pdf.js/
1588440155630	addons.webextension.screenshots@mozilla.org	WARN	Loading extension 'screenshots@mozilla.org': Reading manifest: Invalid extension permission: about:reader*
1588440157768	Marionette	INFO	Listening on port 53786
1588440157796	Marionette	WARN	TLS certificate errors will be ignored for this session
May 02, 2020 7:22:37 PM org.openqa.selenium.remote.ProtocolHandshake createSession
INFO: Detected dialect: W3C
1588440164509	Marionette	INFO	Stopped listening on port 53786
JavaScript error: http://app.fleetapps.io/bundles/npmassets/requirejs/require.js?version=e723d063, line 168: Error: Script error for "components/jquery-ui/ui/effects/effect-scale", needed by: jquery-ui
http://requirejs.org/docs/errors.html#scripterror
JavaScript error: http://app.fleetapps.io/bundles/npmassets/requirejs/require.js?version=e723d063, line 168: Error: Script error for "components/jquery-ui/ui/effects/effect-shake", needed by: jquery-ui
http://requirejs.org/docs/errors.html#scripterror
JavaScript error: http://app.fleetapps.io/bundles/npmassets/requirejs/require.js?version=e723d063, line 168: Error: Script error for "components/jquery-ui/ui/effects/effect-size", needed by: jquery-ui
http://requirejs.org/docs/errors.html#scripterror
JavaScript error: http://app.fleetapps.io/bundles/npmassets/requirejs/require.js?version=e723d063, line 168: Error: Script error for "components/jquery-ui/ui/effects/effect-slide", needed by: jquery-ui
http://requirejs.org/docs/errors.html#scripterror
JavaScript error: http://app.fleetapps.io/bundles/npmassets/requirejs/require.js?version=e723d063, line 168: Error: Script error for "components/jquery-ui/ui/effects/effect-transfer", needed by: jquery-ui
http://requirejs.org/docs/errors.html#scripterror
JavaScript error: http://app.fleetapps.io/bundles/npmassets/requirejs/require.js?version=e723d063, line 168: Error: Script error for "bootstrap-scrollspy", needed by: bootstrap
http://requirejs.org/docs/errors.html#scripterror
JavaScript error: http://app.fleetapps.io/bundles/npmassets/requirejs/require.js?version=e723d063, line 168: Error: Script error for "bootstrap-dropdown", needed by: bootstrap
http://requirejs.org/docs/errors.html#scripterror
JavaScript error: http://app.fleetapps.io/bundles/npmassets/requirejs/require.js?version=e723d063, line 168: Error: Script error for "bootstrap-carousel", needed by: bootstrap
http://requirejs.org/docs/errors.html#scripterror
JavaScript error: http://app.fleetapps.io/bundles/npmassets/requirejs/require.js?version=e723d063, line 168: Error: Script error for "moment-timezone", needed by: orolocale/js/extend/moment-timezone
http://requirejs.org/docs/errors.html#scripterror
JavaScript error: http://app.fleetapps.io/bundles/npmassets/requirejs/require.js?version=e723d063, line 168: Error: Script error for "components/jquery-ui/ui/tabbable", needed by: components/jquery-ui/ui/widgets/dialog
http://requirejs.org/docs/errors.html#scripterror
JavaScript error: http://app.fleetapps.io/bundles/npmassets/requirejs/require.js?version=e723d063, line 168: Error: Script error for "oroui/js/app/models/base/model", needed by: oroui/js/app/models/base/collection
http://requirejs.org/docs/errors.html#scripterror
JavaScript error: http://app.fleetapps.io/bundles/npmassets/requirejs/require.js?version=e723d063, line 168: Error: Script error for "bootstrap-button", needed by: bootstrap
http://requirejs.org/docs/errors.html#scripterror
JavaScript error: http://app.fleetapps.io/bundles/npmassets/requirejs/require.js?version=e723d063, line 168: Error: Script error for "components/jquery-ui/ui/unique-id", needed by: components/jquery-ui/ui/widgets/accordion, components/jquery-ui/ui/widgets/dialog, components/jquery-ui/ui/widgets/menu, components/jquery-ui/ui/widgets/tabs
http://requirejs.org/docs/errors.html#scripterror
JavaScript error: http://app.fleetapps.io/bundles/npmassets/requirejs/require.js?version=e723d063, line 168: Error: Script error for "components/jquery-ui/ui/safe-blur", needed by: components/jquery-ui/ui/widgets/dialog, components/jquery-ui/ui/widgets/draggable
http://requirejs.org/docs/errors.html#scripterror
JavaScript error: http://app.fleetapps.io/bundles/npmassets/requirejs/require.js?version=e723d063, line 168: Error: Script error for "components/jquery-ui/ui/widgets/checkboxradio", needed by: components/jquery-ui/ui/widgets/button
http://requirejs.org/docs/errors.html#scripterror
JavaScript error: http://app.fleetapps.io/bundles/npmassets/requirejs/require.js?version=e723d063, line 168: Error: Script error for "components/jquery-ui/ui/widgets/controlgroup", needed by: components/jquery-ui/ui/widgets/button
http://requirejs.org/docs/errors.html#scripterror
JavaScript error: http://app.fleetapps.io/bundles/npmassets/requirejs/require.js?version=e723d063, line 168: Error: Script error for "oroui/js/app/services/registry/registry", needed by: oroui/js/app/services/registry
http://requirejs.org/docs/errors.html#scripterror
JavaScript error: http://app.fleetapps.io/bundles/npmassets/requirejs/require.js?version=e723d063, line 168: Error: Script error for "components/jquery-ui/ui/keycode", needed by: components/jquery-ui/ui/widgets/accordion, components/jquery-ui/ui/widgets/autocomplete, components/jquery-ui/ui/widgets/button, components/jquery-ui/ui/widgets/datepicker, components/jquery-ui/ui/widgets/dialog, components/jquery-ui/ui/widgets/menu, components/jquery-ui/ui/widgets/slider, components/jquery-ui/ui/widgets/spinner, components/jquery-ui/ui/widgets/tabs
http://requirejs.org/docs/errors.html#scripterror
JavaScript error: http://app.fleetapps.io/bundles/npmassets/requirejs/require.js?version=e723d063, line 168: Error: Script error for "bootstrap-affix", needed by: bootstrap
http://requirejs.org/docs/errors.html#scripterror
JavaScript error: http://app.fleetapps.io/bundles/npmassets/requirejs/require.js?version=e723d063, line 168: Error: Script error for "components/jquery-ui/ui/scroll-parent", needed by: components/jquery-ui/ui/widgets/draggable, components/jquery-ui/ui/widgets/sortable
http://requirejs.org/docs/errors.html#scripterror
JavaScript error: http://app.fleetapps.io/bundles/npmassets/requirejs/require.js?version=e723d063, line 168: Error: Script error for "bootstrap-tab", needed by: bootstrap
http://requirejs.org/docs/errors.html#scripterror
JavaScript error: http://app.fleetapps.io/bundles/npmassets/requirejs/require.js?version=e723d063, line 168: Error: Script error for "components/jquery-ui/ui/plugin", needed by: components/jquery-ui/ui/widgets/draggable, components/jquery-ui/ui/widgets/resizable
http://requirejs.org/docs/errors.html#scripterror
JavaScript error: http://app.fleetapps.io/bundles/npmassets/requirejs/require.js?version=e723d063, line 168: Error: Script error for "bootstrap-modal", needed by: bootstrap
http://requirejs.org/docs/errors.html#scripterror
JavaScript error: http://app.fleetapps.io/bundles/npmassets/requirejs/require.js?version=e723d063, line 168: Error: Script error for "components/jquery-ui/ui/focusable", needed by: components/jquery-ui/ui/widgets/dialog
http://requirejs.org/docs/errors.html#scripterror
JavaScript error: http://app.fleetapps.io/bundles/npmassets/requirejs/require.js?version=e723d063, line 168: Error: Script error for "oroui/js/app/components/base/component", needed by: oroui/js/app/components/component-manager
http://requirejs.org/docs/errors.html#scripterror
JavaScript error: http://app.fleetapps.io/bundles/npmassets/requirejs/require.js?version=e723d063, line 168: Error: Script error for "bootstrap-tooltip", needed by: bootstrap
http://requirejs.org/docs/errors.html#scripterror
JavaScript error: http://app.fleetapps.io/bundles/npmassets/requirejs/require.js?version=e723d063, line 168: Error: Script error for "oroentity/js/app/models/entity-collection", needed by: oroentity/js/app/models/entitystructures-collection
http://requirejs.org/docs/errors.html#scripterror
JavaScript error: http://app.fleetapps.io/bundles/npmassets/requirejs/require.js?version=e723d063, line 168: Error: Script error for "bootstrap-alert", needed by: bootstrap
http://requirejs.org/docs/errors.html#scripterror
JavaScript error: http://app.fleetapps.io/bundles/npmassets/requirejs/require.js?version=e723d063, line 168: Error: Script error for "oroui/js/app/models/sync-machine-proxy-cache", needed by: oroentity/js/app/models/entitystructures-collection
http://requirejs.org/docs/errors.html#scripterror
JavaScript error: http://app.fleetapps.io/bundles/npmassets/requirejs/require.js?version=e723d063, line 168: Error: Script error for "bootstrap-collapse", needed by: bootstrap
http://requirejs.org/docs/errors.html#scripterror
JavaScript error: http://app.fleetapps.io/bundles/npmassets/requirejs/require.js?version=e723d063, line 168: Error: Script error for "bootstrap-transition", needed by: bootstrap
http://requirejs.org/docs/errors.html#scripterror
JavaScript error: http://app.fleetapps.io/bundles/npmassets/requirejs/require.js?version=e723d063, line 168: Error: Script error for "components/jquery-ui/ui/safe-active-element", needed by: components/jquery-ui/ui/widgets/autocomplete, components/jquery-ui/ui/widgets/dialog, components/jquery-ui/ui/widgets/draggable, components/jquery-ui/ui/widgets/menu, components/jquery-ui/ui/widgets/spinner, components/jquery-ui/ui/widgets/tabs
http://requirejs.org/docs/errors.html#scripterror
JavaScript error: http://app.fleetapps.io/bundles/npmassets/requirejs/require.js?version=e723d063, line 168: Error: Script error for "components/jquery-ui/ui/data", needed by: components/jquery-ui/ui/widgets/draggable, components/jquery-ui/ui/widgets/sortable
http://requirejs.org/docs/errors.html#scripterror
JavaScript error: http://app.fleetapps.io/bundles/npmassets/requirejs/require.js?version=e723d063, line 168: Error: Script error for "components/jquery-ui/ui/ie", needed by: components/jquery-ui/ui/widgets/mouse, components/jquery-ui/ui/widgets/sortable
http://requirejs.org/docs/errors.html#scripterror
JavaScript error: http://app.fleetapps.io/bundles/npmassets/requirejs/require.js?version=e723d063, line 168: Error: Script error for "components/jquery-ui/ui/version", needed by: components/jquery-ui/ui/position, components/jquery-ui/ui/widget, components/jquery-ui/ui/widgets/accordion, components/jquery-ui/ui/widgets/autocomplete, components/jquery-ui/ui/widgets/datepicker, components/jquery-ui/ui/widgets/dialog, components/jquery-ui/ui/widgets/draggable, components/jquery-ui/ui/widgets/droppable, components/jquery-ui/ui/widgets/menu, components/jquery-ui/ui/widgets/mouse, components/jquery-ui/ui/widgets/progressbar, components/jquery-ui/ui/widgets/resizable, components/jquery-ui/ui/widgets/selectable, components/jquery-ui/ui/widgets/slider, components/jquery-ui/ui/widgets/sortable, components/jquery-ui/ui/widgets/spinner, components/jquery-ui/ui/widgets/tabs, components/jquery-ui/ui/effect, components/jquery-ui/ui/effects/effect-blind, components/jquery-ui/ui/effects/effect-bounce, components/jquery-ui/ui/effects/effect-clip, components/jquery-ui/ui/effects/effect-drop, components/jquery-ui/ui/effects/effect-explode, components/jquery-ui/ui/effects/effect-fade, components/jquery-ui/ui/effects/effect-fold, components/jquery-ui/ui/effects/effect-highlight, components/jquery-ui/ui/effects/effect-pulsate
http://requirejs.org/docs/errors.html#scripterror
JavaScript error: http://app.fleetapps.io/bundles/npmassets/requirejs/require.js?version=e723d063, line 168: Error: Script error for "bootstrap-typeahead", needed by: bootstrap
http://requirejs.org/docs/errors.html#scripterror
JavaScript error: http://app.fleetapps.io/bundles/npmassets/requirejs/require.js?version=e723d063, line 168: Error: Script error for "components/jquery-ui/ui/disable-selection", needed by: components/jquery-ui/ui/widgets/resizable
http://requirejs.org/docs/errors.html#scripterror
JavaScript error: http://app.fleetapps.io/bundles/npmassets/requirejs/require.js?version=e723d063, line 168: Error: Script error for "components/jquery-ui/ui/escape-selector", needed by: components/jquery-ui/ui/widgets/tabs
http://requirejs.org/docs/errors.html#scripterror
]]></system-err>
  </testcase>
  <testcase name="login as store manager" classname="user should able to login" time="11.128">
    <failure message="expected:&lt;[Dashboard]&gt; but was:&lt;[Loading...]&gt;" type="org.junit.ComparisonFailure"><![CDATA[org.junit.ComparisonFailure: expected:<[Dashboard]> but was:<[Loading...]>
]]></failure>
    <system-err><![CDATA[1588440166402	mozrunner::runner	INFO	Running command: "/Applications/Firefox.app/Contents/MacOS/firefox-bin" "-marionette" "-foreground" "-no-remote" "-profile" "/var/folders/kp/p_xgsm5s3m52p96c25658txm0000gn/T/rust_mozprofilesn2aOQ"
1588440166838	addons.webextension.doh-rollout@mozilla.org	WARN	Loading extension 'doh-rollout@mozilla.org': Reading manifest: Invalid extension permission: networkStatus
1588440167274	addons.webextension.screenshots@mozilla.org	WARN	Loading extension 'screenshots@mozilla.org': Reading manifest: Invalid extension permission: mozillaAddons
1588440167274	addons.webextension.screenshots@mozilla.org	WARN	Loading extension 'screenshots@mozilla.org': Reading manifest: Invalid extension permission: telemetry
1588440167275	addons.webextension.screenshots@mozilla.org	WARN	Loading extension 'screenshots@mozilla.org': Reading manifest: Invalid extension permission: resource://pdf.js/
1588440167275	addons.webextension.screenshots@mozilla.org	WARN	Loading extension 'screenshots@mozilla.org': Reading manifest: Invalid extension permission: about:reader*
1588440168996	Marionette	INFO	Listening on port 54055
1588440169081	Marionette	WARN	TLS certificate errors will be ignored for this session
May 02, 2020 7:22:49 PM org.openqa.selenium.remote.ProtocolHandshake createSession
INFO: Detected dialect: W3C
1588440176722	Marionette	INFO	Stopped listening on port 54055
JavaScript error: http://app.fleetapps.io/bundles/npmassets/requirejs/require.js?version=e723d063, line 168: Error: Script error for "components/jquery-ui/ui/effects/effect-slide", needed by: jquery-ui
http://requirejs.org/docs/errors.html#scripterror
JavaScript error: http://app.fleetapps.io/bundles/npmassets/requirejs/require.js?version=e723d063, line 168: Error: Script error for "oroui/js/app/services/registry/registry-entry", needed by: oroui/js/app/services/registry/registry
http://requirejs.org/docs/errors.html#scripterror
JavaScript error: http://app.fleetapps.io/bundles/npmassets/requirejs/require.js?version=e723d063, line 168: Error: Script error for "components/jquery-ui/ui/ie", needed by: components/jquery-ui/ui/widgets/mouse, components/jquery-ui/ui/widgets/sortable
http://requirejs.org/docs/errors.html#scripterror
JavaScript error: http://app.fleetapps.io/bundles/npmassets/requirejs/require.js?version=e723d063, line 168: Error: Script error for "bootstrap-dropdown", needed by: bootstrap
http://requirejs.org/docs/errors.html#scripterror
JavaScript error: http://app.fleetapps.io/bundles/npmassets/requirejs/require.js?version=e723d063, line 168: Error: Script error for "components/jquery-ui/ui/plugin", needed by: components/jquery-ui/ui/widgets/draggable, components/jquery-ui/ui/widgets/resizable
http://requirejs.org/docs/errors.html#scripterror
JavaScript error: http://app.fleetapps.io/bundles/npmassets/requirejs/require.js?version=e723d063, line 168: Error: Script error for "components/jquery-ui/ui/focusable", needed by: components/jquery-ui/ui/widgets/dialog
http://requirejs.org/docs/errors.html#scripterror
JavaScript error: http://app.fleetapps.io/bundles/npmassets/requirejs/require.js?version=e723d063, line 168: Error: Script error for "oroui/js/app/models/base/model", needed by: oroui/js/app/models/base/collection
http://requirejs.org/docs/errors.html#scripterror
JavaScript error: http://app.fleetapps.io/bundles/npmassets/requirejs/require.js?version=e723d063, line 168: Error: Script error for "bootstrap-typeahead", needed by: bootstrap
http://requirejs.org/docs/errors.html#scripterror
JavaScript error: http://app.fleetapps.io/bundles/npmassets/requirejs/require.js?version=e723d063, line 168: Error: Script error for "components/jquery-ui/ui/safe-active-element", needed by: components/jquery-ui/ui/widgets/autocomplete, components/jquery-ui/ui/widgets/dialog, components/jquery-ui/ui/widgets/draggable, components/jquery-ui/ui/widgets/menu, components/jquery-ui/ui/widgets/spinner, components/jquery-ui/ui/widgets/tabs
http://requirejs.org/docs/errors.html#scripterror
JavaScript error: http://app.fleetapps.io/bundles/npmassets/requirejs/require.js?version=e723d063, line 168: Error: Script error for "oroui/js/persistent-storage", needed by: oroui/js/app/models/sync-machine-proxy-cache
http://requirejs.org/docs/errors.html#scripterror
JavaScript error: http://app.fleetapps.io/bundles/npmassets/requirejs/require.js?version=e723d063, line 168: Error: Script error for "components/jquery-ui/ui/disable-selection", needed by: components/jquery-ui/ui/widgets/resizable
http://requirejs.org/docs/errors.html#scripterror
JavaScript error: http://app.fleetapps.io/bundles/npmassets/requirejs/require.js?version=e723d063, line 168: Error: Script error for "components/jquery-ui/ui/unique-id", needed by: components/jquery-ui/ui/widgets/accordion, components/jquery-ui/ui/widgets/dialog, components/jquery-ui/ui/widgets/menu, components/jquery-ui/ui/widgets/tabs
http://requirejs.org/docs/errors.html#scripterror
JavaScript error: http://app.fleetapps.io/bundles/npmassets/requirejs/require.js?version=e723d063, line 168: Error: Script error for "components/jquery-ui/ui/widgets/controlgroup", needed by: components/jquery-ui/ui/widgets/button
http://requirejs.org/docs/errors.html#scripterror
JavaScript error: http://app.fleetapps.io/bundles/npmassets/requirejs/require.js?version=e723d063, line 168: Error: Script error for "components/jquery-ui/ui/effects/effect-transfer", needed by: jquery-ui
http://requirejs.org/docs/errors.html#scripterror
JavaScript error: http://app.fleetapps.io/bundles/npmassets/requirejs/require.js?version=e723d063, line 168: Error: Script error for "bootstrap-modal", needed by: bootstrap
http://requirejs.org/docs/errors.html#scripterror
JavaScript error: http://app.fleetapps.io/bundles/npmassets/requirejs/require.js?version=e723d063, line 168: Error: Script error for "bootstrap-button", needed by: bootstrap
http://requirejs.org/docs/errors.html#scripterror
JavaScript error: http://app.fleetapps.io/bundles/npmassets/requirejs/require.js?version=e723d063, line 168: Error: Script error for "oroentity/js/app/models/entity-model", needed by: oroentity/js/app/models/entity-collection
http://requirejs.org/docs/errors.html#scripterror
JavaScript error: http://app.fleetapps.io/bundles/npmassets/requirejs/require.js?version=e723d063, line 168: Error: Script error for "bootstrap-carousel", needed by: bootstrap
http://requirejs.org/docs/errors.html#scripterror
JavaScript error: http://app.fleetapps.io/bundles/npmassets/requirejs/require.js?version=e723d063, line 168: Error: Script error for "components/jquery-ui/ui/tabbable", needed by: components/jquery-ui/ui/widgets/dialog
http://requirejs.org/docs/errors.html#scripterror
JavaScript error: http://app.fleetapps.io/bundles/npmassets/requirejs/require.js?version=e723d063, line 168: Error: Script error for "lightgallery.print", needed by: oroui/js/app/modules/init-lightgallery
http://requirejs.org/docs/errors.html#scripterror
JavaScript error: http://app.fleetapps.io/bundles/npmassets/requirejs/require.js?version=e723d063, line 168: Error: Script error for "oroui/js/app/components/base/component", needed by: oroui/js/app/components/component-manager
http://requirejs.org/docs/errors.html#scripterror
JavaScript error: http://app.fleetapps.io/bundles/npmassets/requirejs/require.js?version=e723d063, line 168: Error: Script error for "bootstrap-collapse", needed by: bootstrap
http://requirejs.org/docs/errors.html#scripterror
JavaScript error: http://app.fleetapps.io/bundles/npmassets/requirejs/require.js?version=e723d063, line 168: Error: Script error for "components/jquery-ui/ui/scroll-parent", needed by: components/jquery-ui/ui/widgets/draggable, components/jquery-ui/ui/widgets/sortable
http://requirejs.org/docs/errors.html#scripterror
JavaScript error: http://app.fleetapps.io/bundles/npmassets/requirejs/require.js?version=e723d063, line 168: Error: Script error for "bootstrap-alert", needed by: bootstrap
http://requirejs.org/docs/errors.html#scripterror
JavaScript error: http://app.fleetapps.io/bundles/npmassets/requirejs/require.js?version=e723d063, line 168: Error: Script error for "components/jquery-ui/ui/keycode", needed by: components/jquery-ui/ui/widgets/accordion, components/jquery-ui/ui/widgets/autocomplete, components/jquery-ui/ui/widgets/button, components/jquery-ui/ui/widgets/datepicker, components/jquery-ui/ui/widgets/dialog, components/jquery-ui/ui/widgets/menu, components/jquery-ui/ui/widgets/slider, components/jquery-ui/ui/widgets/spinner, components/jquery-ui/ui/widgets/tabs
http://requirejs.org/docs/errors.html#scripterror
JavaScript error: http://app.fleetapps.io/bundles/npmassets/requirejs/require.js?version=e723d063, line 168: Error: Script error for "bootstrap-transition", needed by: bootstrap
http://requirejs.org/docs/errors.html#scripterror
JavaScript error: http://app.fleetapps.io/bundles/npmassets/requirejs/require.js?version=e723d063, line 168: Error: Script error for "bootstrap-tooltip", needed by: bootstrap
http://requirejs.org/docs/errors.html#scripterror
JavaScript error: http://app.fleetapps.io/bundles/npmassets/requirejs/require.js?version=e723d063, line 168: Error: Script error for "bootstrap-affix", needed by: bootstrap
http://requirejs.org/docs/errors.html#scripterror
JavaScript error: http://app.fleetapps.io/bundles/npmassets/requirejs/require.js?version=e723d063, line 168: Error: Script error for "components/jquery-ui/ui/data", needed by: components/jquery-ui/ui/widgets/draggable, components/jquery-ui/ui/widgets/sortable
http://requirejs.org/docs/errors.html#scripterror
JavaScript error: http://app.fleetapps.io/bundles/npmassets/requirejs/require.js?version=e723d063, line 168: Error: Script error for "components/jquery-ui/ui/widgets/checkboxradio", needed by: components/jquery-ui/ui/widgets/button
http://requirejs.org/docs/errors.html#scripterror
JavaScript error: http://app.fleetapps.io/bundles/npmassets/requirejs/require.js?version=e723d063, line 168: Error: Script error for "components/jquery-ui/ui/safe-blur", needed by: components/jquery-ui/ui/widgets/dialog, components/jquery-ui/ui/widgets/draggable
http://requirejs.org/docs/errors.html#scripterror
JavaScript error: http://app.fleetapps.io/bundles/npmassets/requirejs/require.js?version=e723d063, line 168: Error: Script error for "oroentity/js/app/models/entity-sync", needed by: oroentity/js/app/models/entity-collection
http://requirejs.org/docs/errors.html#scripterror
JavaScript error: http://app.fleetapps.io/bundles/npmassets/requirejs/require.js?version=e723d063, line 168: Error: Script error for "bootstrap-tab", needed by: bootstrap
http://requirejs.org/docs/errors.html#scripterror
JavaScript error: http://app.fleetapps.io/bundles/npmassets/requirejs/require.js?version=e723d063, line 168: Error: Script error for "bootstrap-scrollspy", needed by: bootstrap
http://requirejs.org/docs/errors.html#scripterror
JavaScript error: http://app.fleetapps.io/bundles/npmassets/requirejs/require.js?version=e723d063, line 168: Error: Script error for "components/jquery-ui/ui/version", needed by: components/jquery-ui/ui/position, components/jquery-ui/ui/widget, components/jquery-ui/ui/widgets/accordion, components/jquery-ui/ui/widgets/autocomplete, components/jquery-ui/ui/widgets/datepicker, components/jquery-ui/ui/widgets/dialog, components/jquery-ui/ui/widgets/draggable, components/jquery-ui/ui/widgets/droppable, components/jquery-ui/ui/widgets/menu, components/jquery-ui/ui/widgets/mouse, components/jquery-ui/ui/widgets/progressbar, components/jquery-ui/ui/widgets/resizable, components/jquery-ui/ui/widgets/selectable, components/jquery-ui/ui/widgets/slider, components/jquery-ui/ui/widgets/sortable, components/jquery-ui/ui/widgets/spinner, components/jquery-ui/ui/widgets/tabs, components/jquery-ui/ui/effect, components/jquery-ui/ui/effects/effect-blind, components/jquery-ui/ui/effects/effect-bounce, components/jquery-ui/ui/effects/effect-clip, components/jquery-ui/ui/effects/effect-drop, components/jquery-ui/ui/effects/effect-explode, components/jquery-ui/ui/effects/effect-fade, components/jquery-ui/ui/effects/effect-fold, components/jquery-ui/ui/effects/effect-highlight, components/jquery-ui/ui/effects/effect-pulsate, components/jquery-ui/ui/effects/effect-scale, components/jquery-ui/ui/effects/effect-shake, components/jquery-ui/ui/effects/effect-size
http://requirejs.org/docs/errors.html#scripterror
JavaScript error: http://app.fleetapps.io/bundles/npmassets/requirejs/require.js?version=e723d063, line 168: Error: Script error for "components/jquery-ui/ui/escape-selector", needed by: components/jquery-ui/ui/widgets/tabs
http://requirejs.org/docs/errors.html#scripterror
]]></system-err>
  </testcase>
</testsuite>